mode: set
main/errhanding/filelistingserver/web.go:12.78,13.65 1 1
main/errhanding/filelistingserver/web.go:13.65,14.16 1 1
main/errhanding/filelistingserver/web.go:25.3,26.17 2 1
main/errhanding/filelistingserver/web.go:14.16,20.32 1 1
main/errhanding/filelistingserver/web.go:20.32,23.5 2 1
main/errhanding/filelistingserver/web.go:26.17,33.42 2 1
main/errhanding/filelistingserver/web.go:40.4,41.11 2 1
main/errhanding/filelistingserver/web.go:49.4,49.51 1 1
main/errhanding/filelistingserver/web.go:33.42,38.5 2 1
main/errhanding/filelistingserver/web.go:42.28,43.31 1 1
main/errhanding/filelistingserver/web.go:44.30,45.32 1 1
main/errhanding/filelistingserver/web.go:46.12,47.42 1 1
main/errhanding/filelistingserver/web.go:59.13,63.16 3 0
main/errhanding/filelistingserver/web.go:63.16,64.13 1 0
